<?xml version="1.0" encoding="UTF-8"?>
<!-- Generated by org.testng.reporters.JUnitReportReporter -->
<testsuite hostname="DESKTOP-1J07LNA" failures="0" tests="4" name="TestNG.AnnotationsEg" time="0.036" errors="0" timestamp="2024-03-04T05:08:15 IST" skipped="0">
  <testcase classname="TestNG.AnnotationsEg" name="testcase3" time="0.005"/>
  <system-out/>
  <testcase classname="TestNG.AnnotationsEg" name="testcase1" time="0.014"/>
  <system-out/>
  <testcase classname="TestNG.AnnotationsEg" name="testcase4" time="0.006"/>
  <system-out/>
  <testcase classname="TestNG.AnnotationsEg" name="testcase2" time="0.011"/>
  <system-out/>
</testsuite> <!-- TestNG.AnnotationsEg -->
