<?xml version="1.0" encoding="UTF-8"?>
<!-- Generated by org.testng.reporters.JUnitReportReporter -->
<testsuite hostname="DESKTOP-1J07LNA" failures="0" tests="1" name="TestNG.InvokeChromeBrowser" time="35.439" errors="0" timestamp="2024-03-04T13:38:55 IST" skipped="0">
  <testcase classname="TestNG.InvokeChromeBrowser" name="invokechrome" time="35.439"/>
  <system-out/>
</testsuite> <!-- TestNG.InvokeChromeBrowser -->
