<?xml version="1.0" encoding="UTF-8"?>
<!-- Generated by org.testng.reporters.JUnitReportReporter -->
<testsuite hostname="DESKTOP-1J07LNA" failures="0" tests="3" name="TestNG.DependsOnMethodeg" time="0.020" errors="0" timestamp="2024-03-04T05:14:47 IST" skipped="0">
  <testcase classname="TestNG.DependsOnMethodeg" name="testcase3" time="0.002"/>
  <system-out/>
  <testcase classname="TestNG.DependsOnMethodeg" name="testcase2" time="0.002"/>
  <system-out/>
  <testcase classname="TestNG.DependsOnMethodeg" name="testcase1" time="0.016"/>
  <system-out/>
</testsuite> <!-- TestNG.DependsOnMethodeg -->
