<?xml version="1.0" encoding="UTF-8"?>
<!-- Generated by org.testng.reporters.JUnitReportReporter -->
<testsuite hostname="DESKTOP-1J07LNA" failures="0" tests="1" name="TestNG.InvokeFirefox" time="116.357" errors="0" timestamp="2024-03-04T13:38:54 IST" skipped="0">
  <testcase classname="TestNG.InvokeFirefox" name="invokeff" time="116.357"/>
  <system-out/>
</testsuite> <!-- TestNG.InvokeFirefox -->
