<?xml version="1.0" encoding="UTF-8"?>
<!-- Generated by org.testng.reporters.JUnitReportReporter -->
<testsuite hostname="DESKTOP-1J07LNA" failures="0" tests="1" name="TestNG.HardAssertEg" time="14.104" errors="0" timestamp="2024-03-04T05:07:54 IST" skipped="0">
  <testcase classname="TestNG.HardAssertEg" name="testhardassert" time="14.104"/>
  <system-out/>
</testsuite> <!-- TestNG.HardAssertEg -->
